<?xml version="1.0" encoding="UTF-8"?>
<!-- Generated by org.testng.reporters.JUnitXMLReporter -->
<testsuite ignored="0" hostname="PF4A59NC" failures="0" tests="3" name="Test" time="3.642" errors="0" timestamp="2024-10-18T20:33:22 IST">
  <testcase classname="TestNgAttributes.Attribute_DataProvider" name="addCredentials" time="0.493"/>
  <testcase classname="TestNgAttributes.Attribute_DataProvider" name="addCredentials" time="0.134"/>
  <testcase classname="TestNgAttributes.Attribute_DataProvider" name="addCredentials" time="0.132"/>
</testsuite> <!-- Test -->
