<?xml version="1.0" encoding="UTF-8"?>
<!-- Generated by org.testng.reporters.JUnitXMLReporter -->
<testsuite ignored="0" hostname="PF4A59NC" failures="0" tests="5" name="Default test" time="22.11" errors="0" timestamp="2024-10-21T21:09:10 IST">
  <testcase classname="Tests.TC_1_VerifyLoginTest" name="verifyLogo" time="2.217"/>
  <testcase classname="Tests.TC_1_VerifyLoginTest" name="verifyForgotYourPassword" time="0.24"/>
  <testcase classname="Tests.TC_1_VerifyLoginTest" name="enterUsername" time="6.997"/>
  <testcase classname="Tests.TC_1_VerifyLoginTest" name="enterPassword" time="5.154"/>
  <testcase classname="Tests.TC_1_VerifyLoginTest" name="clickLogin" time="4.321"/>
</testsuite> <!-- Default test -->
