<?xml version="1.0" encoding="UTF-8"?>
<testng-results ignored="0" total="5" passed="5" failed="0" skipped="0">
  <reporter-output>
  </reporter-output>
  <suite started-at="2024-10-21T21:08:48 IST" name="Default suite" finished-at="2024-10-21T21:09:10 IST" duration-ms="22110">
    <groups>
    </groups>
    <test started-at="2024-10-21T21:08:48 IST" name="Default test" finished-at="2024-10-21T21:09:10 IST" duration-ms="22110">
      <class name="Tests.TC_1_VerifyLoginTest">
        <test-method is-config="true" signature="launchBrowser()[pri:0, instance:Tests.TC_1_VerifyLoginTest@147e2ae7]" started-at="2024-10-21T21:08:46 IST" name="launchBrowser" finished-at="2024-10-21T21:08:48 IST" duration-ms="2098" status="PASS">
          <reporter-output>
          </reporter-output>
        </test-method> <!-- launchBrowser -->
        <test-method is-config="true" signature="launchURL()[pri:0, instance:Tests.TC_1_VerifyLoginTest@147e2ae7]" started-at="2024-10-21T21:08:48 IST" name="launchURL" finished-at="2024-10-21T21:08:51 IST" duration-ms="3065" status="PASS">
          <reporter-output>
          </reporter-output>
        </test-method> <!-- launchURL -->
        <test-method is-config="true" signature="waitingTime()[pri:0, instance:Tests.TC_1_VerifyLoginTest@147e2ae7]" started-at="2024-10-21T21:08:51 IST" name="waitingTime" finished-at="2024-10-21T21:08:51 IST" duration-ms="6" status="PASS">
          <reporter-output>
          </reporter-output>
        </test-method> <!-- waitingTime -->
        <test-method signature="verifyLogo()[pri:0, instance:Tests.TC_1_VerifyLoginTest@147e2ae7]" started-at="2024-10-21T21:08:51 IST" name="verifyLogo" finished-at="2024-10-21T21:08:54 IST" duration-ms="2217" status="PASS">
          <reporter-output>
          </reporter-output>
        </test-method> <!-- verifyLogo -->
        <test-method is-config="true" signature="waitingTime1()[pri:0, instance:Tests.TC_1_VerifyLoginTest@147e2ae7]" started-at="2024-10-21T21:08:54 IST" name="waitingTime1" finished-at="2024-10-21T21:08:54 IST" duration-ms="6" status="PASS">
          <reporter-output>
          </reporter-output>
        </test-method> <!-- waitingTime1 -->
        <test-method is-config="true" signature="waitingTime()[pri:0, instance:Tests.TC_1_VerifyLoginTest@147e2ae7]" started-at="2024-10-21T21:08:54 IST" name="waitingTime" finished-at="2024-10-21T21:08:54 IST" duration-ms="4" status="PASS">
          <reporter-output>
          </reporter-output>
        </test-method> <!-- waitingTime -->
        <test-method signature="verifyForgotYourPassword()[pri:1, instance:Tests.TC_1_VerifyLoginTest@147e2ae7]" started-at="2024-10-21T21:08:54 IST" name="verifyForgotYourPassword" finished-at="2024-10-21T21:08:54 IST" duration-ms="240" status="PASS">
          <reporter-output>
          </reporter-output>
        </test-method> <!-- verifyForgotYourPassword -->
        <test-method is-config="true" signature="waitingTime1()[pri:0, instance:Tests.TC_1_VerifyLoginTest@147e2ae7]" started-at="2024-10-21T21:08:54 IST" name="waitingTime1" finished-at="2024-10-21T21:08:54 IST" duration-ms="10" status="PASS">
          <reporter-output>
          </reporter-output>
        </test-method> <!-- waitingTime1 -->
        <test-method is-config="true" signature="waitingTime()[pri:0, instance:Tests.TC_1_VerifyLoginTest@147e2ae7]" started-at="2024-10-21T21:08:54 IST" name="waitingTime" finished-at="2024-10-21T21:08:54 IST" duration-ms="10" status="PASS">
          <reporter-output>
          </reporter-output>
        </test-method> <!-- waitingTime -->
        <test-method signature="enterUsername()[pri:3, instance:Tests.TC_1_VerifyLoginTest@147e2ae7]" started-at="2024-10-21T21:08:54 IST" name="enterUsername" finished-at="2024-10-21T21:09:01 IST" duration-ms="6997" status="PASS">
          <reporter-output>
          </reporter-output>
        </test-method> <!-- enterUsername -->
        <test-method is-config="true" signature="waitingTime1()[pri:0, instance:Tests.TC_1_VerifyLoginTest@147e2ae7]" started-at="2024-10-21T21:09:01 IST" name="waitingTime1" finished-at="2024-10-21T21:09:01 IST" duration-ms="6" status="PASS">
          <reporter-output>
          </reporter-output>
        </test-method> <!-- waitingTime1 -->
        <test-method is-config="true" signature="waitingTime()[pri:0, instance:Tests.TC_1_VerifyLoginTest@147e2ae7]" started-at="2024-10-21T21:09:01 IST" name="waitingTime" finished-at="2024-10-21T21:09:01 IST" duration-ms="3" status="PASS">
          <reporter-output>
          </reporter-output>
        </test-method> <!-- waitingTime -->
        <test-method signature="enterPassword()[pri:4, instance:Tests.TC_1_VerifyLoginTest@147e2ae7]" started-at="2024-10-21T21:09:01 IST" name="enterPassword" finished-at="2024-10-21T21:09:06 IST" duration-ms="5154" status="PASS">
          <reporter-output>
          </reporter-output>
        </test-method> <!-- enterPassword -->
        <test-method is-config="true" signature="waitingTime1()[pri:0, instance:Tests.TC_1_VerifyLoginTest@147e2ae7]" started-at="2024-10-21T21:09:06 IST" name="waitingTime1" finished-at="2024-10-21T21:09:06 IST" duration-ms="6" status="PASS">
          <reporter-output>
          </reporter-output>
        </test-method> <!-- waitingTime1 -->
        <test-method is-config="true" signature="waitingTime()[pri:0, instance:Tests.TC_1_VerifyLoginTest@147e2ae7]" started-at="2024-10-21T21:09:06 IST" name="waitingTime" finished-at="2024-10-21T21:09:06 IST" duration-ms="6" status="PASS">
          <reporter-output>
          </reporter-output>
        </test-method> <!-- waitingTime -->
        <test-method signature="clickLogin()[pri:5, instance:Tests.TC_1_VerifyLoginTest@147e2ae7]" started-at="2024-10-21T21:09:06 IST" name="clickLogin" finished-at="2024-10-21T21:09:10 IST" duration-ms="4321" status="PASS">
          <reporter-output>
          </reporter-output>
        </test-method> <!-- clickLogin -->
        <test-method is-config="true" signature="waitingTime1()[pri:0, instance:Tests.TC_1_VerifyLoginTest@147e2ae7]" started-at="2024-10-21T21:09:10 IST" name="waitingTime1" finished-at="2024-10-21T21:09:10 IST" duration-ms="7" status="PASS">
          <reporter-output>
          </reporter-output>
        </test-method> <!-- waitingTime1 -->
        <test-method is-config="true" signature="closeBrowser()[pri:0, instance:Tests.TC_1_VerifyLoginTest@147e2ae7]" started-at="2024-10-21T21:09:11 IST" name="closeBrowser" finished-at="2024-10-21T21:09:14 IST" duration-ms="3481" status="PASS">
          <reporter-output>
          </reporter-output>
        </test-method> <!-- closeBrowser -->
      </class> <!-- Tests.TC_1_VerifyLoginTest -->
    </test> <!-- Default test -->
  </suite> <!-- Default suite -->
</testng-results>
